[0.038s] Invoking command in '/root/researchv2/build/chaser_system_c': CMAKE_PREFIX_PATH=${CMAKE_PREFIX_PATH}:/root/openpifpaf_ros2/install/rgbd_openpifpaf_ros2:/root/openpifpaf_ros2/install/pose_checker:/root/openpifpaf_ros2/install/openpifpaf_ros2_node:/root/researchv2/install/chaser_system:/opt/ros/galactic /usr/bin/cmake --build /root/researchv2/build/chaser_system_c -- -j16 -l16
[0.060s] -- Found ament_cmake: 1.1.6 (/opt/ros/galactic/share/ament_cmake/cmake)
[0.085s] -- Using PYTHON_EXECUTABLE: /usr/bin/python3
[0.161s] -- Found geometry_msgs: 2.2.4 (/opt/ros/galactic/share/geometry_msgs/cmake)
[0.190s] -- Using all available rosidl_typesupport_c: rosidl_typesupport_fastrtps_c;rosidl_typesupport_introspection_c
[0.192s] -- Found rosidl_adapter: 2.2.3 (/opt/ros/galactic/share/rosidl_adapter/cmake)
[0.376s] -- Using all available rosidl_typesupport_cpp: rosidl_typesupport_fastrtps_cpp;rosidl_typesupport_introspection_cpp
[0.438s] -- Found rclcpp: 9.2.2 (/opt/ros/galactic/share/rclcpp/cmake)
[0.500s] -- Found rmw_implementation_cmake: 3.3.1 (/opt/ros/galactic/share/rmw_implementation_cmake/cmake)
[0.505s] -- Found rmw_cyclonedds_cpp: 0.22.6 (/opt/ros/galactic/share/rmw_cyclonedds_cpp/cmake)
[0.522s] -- Using RMW implementation 'rmw_cyclonedds_cpp' as default
[0.523s] -- Looking for pthread.h
[0.584s] -- Looking for pthread.h - found
[0.584s] -- Performing Test CMAKE_HAVE_LIBC_PTHREAD
[0.653s] -- Performing Test CMAKE_HAVE_LIBC_PTHREAD - Failed
[0.653s] -- Looking for pthread_create in pthreads
[0.704s] -- Looking for pthread_create in pthreads - not found
[0.704s] -- Looking for pthread_create in pthread
[0.759s] -- Looking for pthread_create in pthread - found
[0.760s] -- Found Threads: TRUE  
[0.880s] -- Found ament_lint_auto: 0.10.7 (/opt/ros/galactic/share/ament_lint_auto/cmake)
[0.943s] -- Added test 'copyright' to check source files copyright and LICENSE
[0.944s] -- Added test 'cppcheck' to perform static code analysis on C / C++ code
[0.944s] -- Configured cppcheck include dirs: $<BUILD_INTERFACE:/root/researchv2/src/chaser_system_c/include>
[0.944s] -- Configured cppcheck exclude dirs and/or files: 
[0.944s] -- Added test 'cpplint' to check C / C++ code against the Google style
[0.944s] -- Configured cpplint exclude dirs and/or files: 
[0.945s] -- Added test 'lint_cmake' to check CMake code style
[0.945s] -- Added test 'uncrustify' to check C / C++ code style
[0.945s] -- Configured uncrustify additional arguments: 
[0.945s] -- Added test 'xmllint' to check XML markup files
[0.947s] -- Configuring done
[0.953s] -- Generating done
[0.955s] -- Build files have been written to: /root/researchv2/build/chaser_system_c
[0.982s] [35m[1mScanning dependencies of target approachv4_c[0m
[1.022s] [ 50%] [32mBuilding CXX object CMakeFiles/approachv4_c.dir/src/approachv4_c.cpp.o[0m
[2.828s] [100%] [32m[1mLinking CXX executable approachv4_c[0m
[2.896s] /usr/bin/ld: /usr/lib/gcc/x86_64-linux-gnu/9/../../../x86_64-linux-gnu/Scrt1.o: in function `_start':
[2.896s] (.text+0x24): undefined reference to `main'
[2.896s] collect2: error: ld returned 1 exit status
[2.897s] make[2]: *** [CMakeFiles/approachv4_c.dir/build.make:137: approachv4_c] Error 1
[2.897s] make[1]: *** [CMakeFiles/Makefile2:78: CMakeFiles/approachv4_c.dir/all] Error 2
[2.897s] make: *** [Makefile:141: all] Error 2
[2.899s] Invoked command in '/root/researchv2/build/chaser_system_c' returned '2': CMAKE_PREFIX_PATH=${CMAKE_PREFIX_PATH}:/root/openpifpaf_ros2/install/rgbd_openpifpaf_ros2:/root/openpifpaf_ros2/install/pose_checker:/root/openpifpaf_ros2/install/openpifpaf_ros2_node:/root/researchv2/install/chaser_system:/opt/ros/galactic /usr/bin/cmake --build /root/researchv2/build/chaser_system_c -- -j16 -l16
