-- Found ament_cmake: 1.1.6 (/opt/ros/galactic/share/ament_cmake/cmake)
-- Using PYTHON_EXECUTABLE: /usr/bin/python3
-- Found geometry_msgs: 2.2.4 (/opt/ros/galactic/share/geometry_msgs/cmake)
-- Using all available rosidl_typesupport_c: rosidl_typesupport_fastrtps_c;rosidl_typesupport_introspection_c
-- Found rosidl_adapter: 2.2.3 (/opt/ros/galactic/share/rosidl_adapter/cmake)
-- Using all available rosidl_typesupport_cpp: rosidl_typesupport_fastrtps_cpp;rosidl_typesupport_introspection_cpp
-- Found rclcpp: 9.2.2 (/opt/ros/galactic/share/rclcpp/cmake)
-- Found rmw_implementation_cmake: 3.3.1 (/opt/ros/galactic/share/rmw_implementation_cmake/cmake)
-- Found rmw_cyclonedds_cpp: 0.22.6 (/opt/ros/galactic/share/rmw_cyclonedds_cpp/cmake)
-- Using RMW implementation 'rmw_cyclonedds_cpp' as default
-- Found ament_lint_auto: 0.10.7 (/opt/ros/galactic/share/ament_lint_auto/cmake)
-- Added test 'cppcheck' to perform static code analysis on C / C++ code
-- Configured cppcheck include dirs: $<BUILD_INTERFACE:/root/researchv2/src/chaser_system_c/include>
-- Configured cppcheck exclude dirs and/or files: 
-- Added test 'cpplint' to check C / C++ code against the Google style
-- Configured cpplint exclude dirs and/or files: 
-- Added test 'lint_cmake' to check CMake code style
-- Added test 'uncrustify' to check C / C++ code style
-- Configured uncrustify additional arguments: 
-- Added test 'xmllint' to check XML markup files
-- Configuring done
-- Generating done
-- Build files have been written to: /root/researchv2/build/chaser_system_c
[35m[1mScanning dependencies of target approachv4_c[0m
[ 50%] [32mBuilding CXX object CMakeFiles/approachv4_c.dir/src/approachv4_c.cpp.o[0m
[01m[K/root/researchv2/src/chaser_system_c/src/approachv4_c.cpp:[m[K In constructor â€˜[01m[Kapproach_v4_c::approach_v4_c()[m[Kâ€™:
[01m[K/root/researchv2/src/chaser_system_c/src/approachv4_c.cpp:15:9:[m[K [01;31m[Kerror: [m[Kâ€˜[01m[Ksubscription_[m[Kâ€™ was not declared in this scope; did you mean â€˜[01m[Krcl_subscription_t[m[Kâ€™?
   15 |         [01;31m[Ksubscription_[m[K = this -> create_subscription<geometry_msgs::msg::PoseStamped>("waypoints",10,std::bind(&approach_v4_c::topic_callback,this,_1));
      |         [01;31m[K^~~~~~~~~~~~~[m[K
      |         [32m[Krcl_subscription_t[m[K
[01m[K/root/researchv2/src/chaser_system_c/src/approachv4_c.cpp:15:127:[m[K [01;31m[Kerror: [m[Kâ€˜[01m[Ktopic_callback[m[Kâ€™ is not a member of â€˜[01m[Kapproach_v4_c[m[Kâ€™
   15 |  = this -> create_subscription<geometry_msgs::msg::PoseStamped>("waypoints",10,std::bind(&approach_v4_c::[01;31m[Ktopic_callback[m[K,this,_1));
      |                                                                                                          [01;31m[K^~~~~~~~~~~~~~[m[K

make[2]: *** [CMakeFiles/approachv4_c.dir/build.make:63: CMakeFiles/approachv4_c.dir/src/approachv4_c.cpp.o] Error 1
make[1]: *** [CMakeFiles/Makefile2:78: CMakeFiles/approachv4_c.dir/all] Error 2
make: *** [Makefile:141: all] Error 2
